<?xml version="1.0" encoding="UTF-8" ?>
<testsuite failures="0" time="0.482" errors="0" skipped="0" tests="16" name="com.crudetech.wicket.ObjectModelTest">
  <properties>
[...]
</properties>
  <testcase time="0.03" classname="com.crudetech.wicket.ObjectModelTest" name="getChainedModelThrowsWhenThereIsNoInnerModel"/>
  <testcase time="0.001" classname="com.crudetech.wicket.ObjectModelTest" name="setChainedModelOverwritesPreviousValue"/>
  <testcase time="0.001" classname="com.crudetech.wicket.ObjectModelTest" name="detachDelegatesToValueIfItIsDetachable"/>
  <testcase time="0" classname="com.crudetech.wicket.ObjectModelTest" name="defaultCtorCreatesEmptyModel"/>
  <testcase time="0" classname="com.crudetech.wicket.ObjectModelTest" name="ctorWithNullValueStoresNull"/>
  <testcase time="0.001" classname="com.crudetech.wicket.ObjectModelTest" name="ctorWithNullModelThrows"/>
  <testcase time="0.001" classname="com.crudetech.wicket.ObjectModelTest" name="setChainedModelStoresModel"/>
  <testcase time="0.323" classname="com.crudetech.wicket.ObjectModelTest" name="detachDelegatesToInnerModel"/>
  <testcase time="0" classname="com.crudetech.wicket.ObjectModelTest" name="setValueSetsNewValue"/>
  <testcase time="0" classname="com.crudetech.wicket.ObjectModelTest" name="setObjectAllowsNull"/>
  <testcase time="0.001" classname="com.crudetech.wicket.ObjectModelTest" name="ctorWithValueCreatesModelWithValue"/>
  <testcase time="0" classname="com.crudetech.wicket.ObjectModelTest" name="ctorWithModelCreatesChainedModel"/>
  <testcase time="0" classname="com.crudetech.wicket.ObjectModelTest" name="chainedModelReturnsValueOfInnerModel"/>
  <testcase time="0.002" classname="com.crudetech.wicket.ObjectModelTest" name="getObjectThrowsWhenInnerModelThrows"/>
  <testcase time="0" classname="com.crudetech.wicket.ObjectModelTest" name="setObjectsDelegatesToInnerModel"/>
  <testcase time="0.001" classname="com.crudetech.wicket.ObjectModelTest" name="setObjectAllowsNullWithChained"/>
</testsuite>