<?xml version="1.0" encoding="UTF-8" ?>
<testsuite failures="0" time="0.049" errors="0" skipped="0" tests="5" name="com.crudetech.query.ListSelectTest">
  <properties>
[...]
</properties>
  <testcase time="0.019" classname="com.crudetech.query.ListSelectTest" name="selectWithNullThrows"/>
  <testcase time="0.01" classname="com.crudetech.query.ListSelectTest" name="selectWithIndex"/>
  <testcase time="0" classname="com.crudetech.query.ListSelectTest" name="selectOnEmptyRangeProducesEmptyRange"/>
  <testcase time="0.001" classname="com.crudetech.query.ListSelectTest" name="select2WithNullThrows"/>
  <testcase time="0" classname="com.crudetech.query.ListSelectTest" name="select"/>
</testsuite>